<?xml version="1.0" encoding="UTF-8"?>
<testsuite xmlns:xsi="http://www.w3.org/2001/XMLSchema-instance" xsi:noNamespaceSchemaLocation="https://maven.apache.org/surefire/maven-surefire-plugin/xsd/surefire-test-report-3.0.xsd" version="3.0" name="com.symplifica.techtest.TechTestApplicationTests" time="5.326" tests="1" errors="0" skipped="0" failures="0">
  <properties>
[...]
</properties>
  <testcase name="contextLoads" classname="com.symplifica.techtest.TechTestApplicationTests" time="0.542">
    <system-out><![CDATA[22:13:51.735 [main] INFO org.springframework.test.context.support.AnnotationConfigContextLoaderUtils -- Could not detect default configuration classes for test class [com.symplifica.techtest.TechTestApplicationTests]: TechTestApplicationTests does not declare any static, non-private, non-final, nested classes annotated with @Configuration.
22:13:51.835 [main] INFO org.springframework.boot.test.context.SpringBootTestContextBootstrapper -- Found @SpringBootConfiguration com.symplifica.techtest.TechTestApplication for test class com.symplifica.techtest.TechTestApplicationTests

  .   ____          _            __ _ _
 /\\ / ___'_ __ _ _(_)_ __  __ _ \ \ \ \
( ( )\___ | '_ | '_| | '_ \/ _` | \ \ \ \
 \\/  ___)| |_)| | | | | || (_| |  ) ) ) )
  '  |____| .__|_| |_|_| |_\__, | / / / /
 =========|_|==============|___/=/_/_/_/
 :: Spring Boot ::                (v3.2.0)

2023-12-05T22:13:52.267-05:00  INFO 111774 --- [           main] c.s.techtest.TechTestApplicationTests    : Starting TechTestApplicationTests using Java 21 with PID 111774 (started by legionmagna in /home/legionmagna/projects/java_projects/simplify-test)
2023-12-05T22:13:52.269-05:00  INFO 111774 --- [           main] c.s.techtest.TechTestApplicationTests    : No active profile set, falling back to 1 default profile: "default"
2023-12-05T22:13:53.000-05:00  INFO 111774 --- [           main] .s.d.r.c.RepositoryConfigurationDelegate : Bootstrapping Spring Data JPA repositories in DEFAULT mode.
2023-12-05T22:13:53.047-05:00  INFO 111774 --- [           main] .s.d.r.c.RepositoryConfigurationDelegate : Finished Spring Data repository scanning in 40 ms. Found 1 JPA repository interface.
2023-12-05T22:13:53.530-05:00  INFO 111774 --- [           main] o.hibernate.jpa.internal.util.LogHelper  : HHH000204: Processing PersistenceUnitInfo [name: default]
2023-12-05T22:13:53.583-05:00  INFO 111774 --- [           main] org.hibernate.Version                    : HHH000412: Hibernate ORM core version 6.3.1.Final
2023-12-05T22:13:53.615-05:00  INFO 111774 --- [           main] o.h.c.internal.RegionFactoryInitiator    : HHH000026: Second-level cache disabled
2023-12-05T22:13:53.821-05:00  INFO 111774 --- [           main] o.s.o.j.p.SpringPersistenceUnitInfo      : No LoadTimeWeaver setup: ignoring JPA class transformer
2023-12-05T22:13:53.853-05:00  INFO 111774 --- [           main] com.zaxxer.hikari.HikariDataSource       : HikariPool-1 - Starting...
2023-12-05T22:13:54.242-05:00  INFO 111774 --- [           main] com.zaxxer.hikari.pool.HikariPool        : HikariPool-1 - Added connection com.mysql.cj.jdbc.ConnectionImpl@2e29f28e
2023-12-05T22:13:54.244-05:00  INFO 111774 --- [           main] com.zaxxer.hikari.HikariDataSource       : HikariPool-1 - Start completed.
2023-12-05T22:13:55.122-05:00  INFO 111774 --- [           main] o.h.e.t.j.p.i.JtaPlatformInitiator       : HHH000489: No JTA platform available (set 'hibernate.transaction.jta.platform' to enable JTA platform integration)
2023-12-05T22:13:55.193-05:00  INFO 111774 --- [           main] j.LocalContainerEntityManagerFactoryBean : Initialized JPA EntityManagerFactory for persistence unit 'default'
2023-12-05T22:13:55.653-05:00  WARN 111774 --- [           main] JpaBaseConfiguration$JpaWebConfiguration : spring.jpa.open-in-view is enabled by default. Therefore, database queries may be performed during view rendering. Explicitly configure spring.jpa.open-in-view to disable this warning
2023-12-05T22:13:56.008-05:00  WARN 111774 --- [           main] ion$DefaultTemplateResolverConfiguration : Cannot find template location: classpath:/templates/ (please add some templates, check your Thymeleaf configuration, or set spring.thymeleaf.check-template-location=false)
2023-12-05T22:13:56.128-05:00  WARN 111774 --- [           main] .s.s.UserDetailsServiceAutoConfiguration : 

Using generated security password: 3c174bd6-4bda-44d9-8b68-fdb055a356a4

This generated password is for development use only. Your security configuration must be updated before running your application in production.

2023-12-05T22:13:56.228-05:00  INFO 111774 --- [           main] o.s.s.web.DefaultSecurityFilterChain     : Will secure any request with [org.springframework.security.web.session.DisableEncodeUrlFilter@7890324e, org.springframework.security.web.context.request.async.WebAsyncManagerIntegrationFilter@14764fdd, org.springframework.security.web.context.SecurityContextHolderFilter@600a1270, org.springframework.security.web.header.HeaderWriterFilter@74159dc9, org.springframework.web.filter.CorsFilter@402fdef1, org.springframework.security.web.csrf.CsrfFilter@70c99e13, org.springframework.security.web.authentication.logout.LogoutFilter@64a8851a, org.springframework.security.web.authentication.UsernamePasswordAuthenticationFilter@193c810, org.springframework.security.web.authentication.ui.DefaultLoginPageGeneratingFilter@73158d35, org.springframework.security.web.authentication.ui.DefaultLogoutPageGeneratingFilter@69e8f7a5, org.springframework.security.web.authentication.www.BasicAuthenticationFilter@25093079, org.springframework.security.web.savedrequest.RequestCacheAwareFilter@28effa3f, org.springframework.security.web.servletapi.SecurityContextHolderAwareRequestFilter@1d1da00b, org.springframework.security.web.authentication.AnonymousAuthenticationFilter@1013aa94, org.springframework.security.web.access.ExceptionTranslationFilter@641255d1, org.springframework.security.web.access.intercept.AuthorizationFilter@377d55]
2023-12-05T22:13:56.277-05:00  INFO 111774 --- [           main] c.s.techtest.TechTestApplicationTests    : Started TechTestApplicationTests in 4.288 seconds (process running for 5.228)
]]></system-out>
    <system-err><![CDATA[WARNING: A Java agent has been loaded dynamically (/home/legionmagna/.m2/repository/net/bytebuddy/byte-buddy-agent/1.14.10/byte-buddy-agent-1.14.10.jar)
WARNING: If a serviceability tool is in use, please run with -XX:+EnableDynamicAgentLoading to hide this warning
WARNING: If a serviceability tool is not in use, please run with -Djdk.instrument.traceUsage for more information
WARNING: Dynamic loading of agents will be disallowed by default in a future release
]]></system-err>
  </testcase>
</testsuite>